Build started 3/17/2014 2:58:30 PM.
     1>Project "G:\Varun\UofU\COURSES\Virtual Reality\VRCollisionDetection\VRCollisionDetection\VRCollisionDetection.vcxproj" on node 2 (Build target(s)).
     1>ClCompile:
         C:\Program Files (x86)\Microsoft Visual Studio 11.0\VC\bin\CL.exe /c /I..\include /ZI /nologo /W3 /WX- /sdl /Od /Oy- /D WIN32 /D _DEBUG /D _CONSOLE /D _UNICODE /D UNICODE /Gm /EHsc /RTC1 /MDd /GS /fp:precise /Zc:wchar_t /Zc:forScope /Fo"Debug\\" /Fd"Debug\vc110.pdb" /Gd /TP /analyze- /errorReport:prompt ..\src\main.cpp
         main.cpp
     1>g:\varun\uofu\courses\virtual reality\vrcollisiondetection\src\proceduralsphere.h(94): warning C4244: 'initializing' : conversion from 'double' to 'const float', possible loss of data
     1>g:\varun\uofu\courses\virtual reality\vrcollisiondetection\src\proceduralsphere.h(95): warning C4244: 'initializing' : conversion from 'double' to 'const float', possible loss of data
     1>g:\varun\uofu\courses\virtual reality\vrcollisiondetection\src\proceduralsphere.h(106): warning C4018: '<' : signed/unsigned mismatch
     1>g:\varun\uofu\courses\virtual reality\vrcollisiondetection\src\proceduralsphere.h(107): warning C4018: '<' : signed/unsigned mismatch
     1>g:\varun\uofu\courses\virtual reality\vrcollisiondetection\src\proceduralsphere.h(108): warning C4244: 'initializing' : conversion from 'double' to 'const float', possible loss of data
     1>g:\varun\uofu\courses\virtual reality\vrcollisiondetection\src\proceduralsphere.h(109): warning C4244: 'initializing' : conversion from 'double' to 'const float', possible loss of data
     1>g:\varun\uofu\courses\virtual reality\vrcollisiondetection\src\proceduralsphere.h(110): warning C4244: 'initializing' : conversion from 'double' to 'const float', possible loss of data
     1>g:\varun\uofu\courses\virtual reality\vrcollisiondetection\src\proceduralsphere.h(132): warning C4018: '<' : signed/unsigned mismatch
     1>g:\varun\uofu\courses\virtual reality\vrcollisiondetection\src\proceduralsphere.h(133): warning C4018: '<' : signed/unsigned mismatch
     1>g:\varun\uofu\courses\virtual reality\vrcollisiondetection\src\main.cpp(30): warning C4018: '<' : signed/unsigned mismatch
     1>g:\varun\uofu\courses\virtual reality\vrcollisiondetection\src\main.cpp(45): warning C4018: '<' : signed/unsigned mismatch
         GLM: perspective function taking degrees as a parameter is deprecated. #define GLM_FORCE_RADIANS before including GLM headers to remove this message.
         GLM: rotate function taking degrees as a parameter is deprecated. #define GLM_FORCE_RADIANS before including GLM headers to remove this message.
       Link:
         C:\Program Files (x86)\Microsoft Visual Studio 11.0\VC\bin\link.exe /ERRORREPORT:PROMPT /OUT:"G:\Varun\UofU\COURSES\Virtual Reality\VRCollisionDetection\Debug\VRCollisionDetection.exe" /INCREMENTAL /NOLOGO /LIBPATH:..\lib\x86\Debug /LIBPATH:..\lib glew32.lib kernel32.lib user32.lib gdi32.lib winspool.lib comdlg32.lib advapi32.lib shell32.lib ole32.lib oleaut32.lib uuid.lib odbc32.lib odbccp32.lib /MANIFEST /MANIFESTUAC:"level='asInvoker' uiAccess='false'" /manifest:embed /DEBUG /PDB:"G:\Varun\UofU\COURSES\Virtual Reality\VRCollisionDetection\Debug\VRCollisionDetection.pdb" /SUBSYSTEM:CONSOLE /TLBID:1 /DYNAMICBASE /NXCOMPAT /IMPLIB:"G:\Varun\UofU\COURSES\Virtual Reality\VRCollisionDetection\Debug\VRCollisionDetection.lib" /MACHINE:X86 Debug\main.obj
         VRCollisionDetection.vcxproj -> G:\Varun\UofU\COURSES\Virtual Reality\VRCollisionDetection\Debug\VRCollisionDetection.exe
     1>Done Building Project "G:\Varun\UofU\COURSES\Virtual Reality\VRCollisionDetection\VRCollisionDetection\VRCollisionDetection.vcxproj" (Build target(s)).

Build succeeded.

Time Elapsed 00:00:02.64
